TN:
SF:lib/index.node.js
FN:18,bigintToBuf
FN:29,bufToBigint
FN:40,bigintToHex
FN:51,hexToBigint
FN:62,bigintToText
FN:73,textToBigint
FN:84,bufToText
FN:96,textToBuf
FN:110,bufToHex
FN:124,hexToBuf
FNF:10
FNH:10
FNDA:12,bigintToBuf
FNDA:12,bufToBigint
FNDA:16,bigintToHex
FNDA:6,hexToBigint
FNDA:3,bigintToText
FNDA:3,textToBigint
FNDA:6,bufToText
FNDA:6,textToBuf
FNDA:15,bufToHex
FNDA:15,hexToBuf
DA:3,1
DA:19,12
DA:30,12
DA:41,16
DA:52,6
DA:63,3
DA:74,3
DA:85,6
DA:97,6
DA:98,4
DA:100,2
DA:112,15
DA:125,15
DA:128,15
DA:129,15
DA:130,4
DA:135,1
DA:136,1
DA:137,1
DA:138,1
DA:139,1
DA:140,1
DA:141,1
DA:142,1
DA:143,1
DA:144,1
LF:26
LH:26
BRDA:18,0,0,4
BRDA:96,1,0,3
BRDA:97,2,0,4
BRDA:97,2,1,2
BRDA:124,3,0,3
BRDA:125,4,0,6
BRDA:125,4,1,9
BRDA:129,5,0,11
BRDA:129,5,1,4
BRF:9
BRH:9
end_of_record
